<?xml version="1.0" encoding="UTF-8"?>
<testsuite name="com.generation.drive.DriversManagerTest" tests="1" skipped="0" failures="0" errors="0" timestamp="2021-10-22T21:44:51" hostname="LAPTOP-AVRBQCPP" time="0.054">
  <properties/>
  <testcase name="diverAdded()" classname="com.generation.drive.DriversManagerTest" time="0.054"/>
  <system-out><![CDATA[]]></system-out>
  <system-err><![CDATA[]]></system-err>
</testsuite>
